[Licensing::Module] Trying to connect to existing licensing client channel...
Built from '6000.3/staging' branch; Version is '6000.3.3f1 (ef04196de0d6) revision 15664153'; Using compiler version '194234433'; Build Type 'Release'
OS: 'Windows 11  (10.0.26200) 64bit CoreSingleLanguage' Language: 'en' Physical Memory: 32175 MB
BatchMode: 1, IsHumanControllingUs: 0, StartBugReporterOnCrash: 0, Is64bit: 1
[Licensing::IpcConnector] Successfully connected to: "LicenseClient-omerm" at "2026-01-16T00:31:36.3540911Z"
Date: 2026-01-16T00:31:36Z

COMMAND LINE ARGUMENTS:
C:\Program Files\Unity\Hub\Editor\6000.3.3f1\Editor\Unity.exe
-adb2
-batchMode
-noUpm
-name
AssetImportWorker23
-projectPath
C:/Users/omerm/Documents/GitHub/KratosDieTwice/KratosDieTwice
-logFile
Logs/AssetImportWorker23.log
-srvPort
3615
-licensingIpc
LicenseClient-omerm
-job-worker-count
11
-background-job-worker-count
8
-gc-helper-count
1
-name
AssetImport
Successfully changed project path to: C:/Users/omerm/Documents/GitHub/KratosDieTwice/KratosDieTwice
C:/Users/omerm/Documents/GitHub/KratosDieTwice/KratosDieTwice
[UnityMemory] Configuration Parameters - Can be set up in boot.config
    "memorysetup-temp-allocator-size-nav-mesh-worker=65536"
    "memorysetup-temp-allocator-size-audio-worker=65536"
    "memorysetup-temp-allocator-size-gfx=262144"
    "memorysetup-allocator-temp-initial-block-size-main=262144"
    "memorysetup-allocator-temp-initial-block-size-worker=262144"
    "memorysetup-temp-allocator-size-background-worker=32768"
    "memorysetup-temp-allocator-size-job-worker=262144"
    "memorysetup-temp-allocator-size-preload-manager=33554432"
    "memorysetup-temp-allocator-size-gi-baking-worker=262144"
    "memorysetup-temp-allocator-size-gi-baking-worker=262144"
    "memorysetup-temp-allocator-size-gi-baking-worker=262144"
    "memorysetup-temp-allocator-size-gi-baking-worker=262144"
    "memorysetup-temp-allocator-size-gi-baking-worker=262144"
    "memorysetup-bucket-allocator-granularity=16"
    "memorysetup-bucket-allocator-bucket-count=8"
    "memorysetup-bucket-allocator-block-size=33554432"
    "memorysetup-bucket-allocator-block-count=8"
    "memorysetup-main-allocator-block-size=16777216"
    "memorysetup-thread-allocator-block-size=16777216"
    "memorysetup-gfx-main-allocator-block-size=16777216"
    "memorysetup-gfx-thread-allocator-block-size=16777216"
    "memorysetup-cache-allocator-block-size=4194304"
    "memorysetup-typetree-allocator-block-size=2097152"
    "memorysetup-profiler-bucket-allocator-granularity=16"
    "memorysetup-profiler-bucket-allocator-bucket-count=8"
    "memorysetup-profiler-bucket-allocator-block-size=33554432"
    "memorysetup-profiler-bucket-allocator-block-count=8"
    "memorysetup-profiler-allocator-block-size=16777216"
    "memorysetup-profiler-editor-allocator-block-size=1048576"
    "memorysetup-temp-allocator-size-main=16777216"
    "memorysetup-job-temp-allocator-block-size=2097152"
    "memorysetup-job-temp-allocator-block-size-background=1048576"
    "memorysetup-job-temp-allocator-reduction-small-platforms=262144"
    "memorysetup-temp-allocator-size-cloud-worker=32768"
Player connection [38888]  Target information:

Player connection [38888]  * "[IP] 10.143.90.204 [Port] 0 [Flags] 2 [Guid] 3774733218 [EditorId] 3774733218 [Version] 1048832 [Id] WindowsEditor(7,MSI) [Debug] 1 [PackageName] WindowsEditor [ProjectName] Editor" 

Player connection [38888] Host joined multi-casting on [225.0.0.222:54997]...
Player connection [38888] Host joined alternative multi-casting on [225.0.0.222:34997]...
JobSystem: Creating JobQueue using job-worker-count value 11
Input System module state changed to: Initialized.
[Physics::Module] Initialized fallback backend.
[Physics::Module] Id: 0xdecafbad
Library Redirect Path: Library/
[Physics::Module] Selected backend.
[Physics::Module] Name: PhysX
[Physics::Module] Id: 0xf2b8ea05
[Physics::Module] SDK Version: 4.1.2
[Physics::Module] Integration Version: 1.0.0
[Physics::Module] Threading Mode: Multi-Threaded
Refreshing native plugins compatible for Editor in 1.88 ms, found 3 plugins.
Preloading 0 native plugins for Editor in 0.00 ms.
Initialize engine version: 6000.3.3f1 (ef04196de0d6)
[Subsystems] Discovering subsystems at path C:/Program Files/Unity/Hub/Editor/6000.3.3f1/Editor/Data/Resources/UnitySubsystems
[Subsystems] Discovering subsystems at path C:/Users/omerm/Documents/GitHub/KratosDieTwice/KratosDieTwice/Assets
GfxDevice: creating device client; kGfxThreadingModeNonThreaded
Direct3D:
    Version:  Direct3D 11.0 [level 11.1]
    Renderer: NVIDIA GeForce RTX 5080 Laptop GPU (ID=0x2c19)
    Vendor:   NVIDIA
    VRAM:     16003 MB
    Driver:   32.0.15.9174
Initialize mono
Mono path[0] = 'C:/Program Files/Unity/Hub/Editor/6000.3.3f1/Editor/Data/Managed'
Mono path[1] = 'C:/Program Files/Unity/Hub/Editor/6000.3.3f1/Editor/Data/MonoBleedingEdge/lib/mono/unityjit-win32'
Mono config path = 'C:/Program Files/Unity/Hub/Editor/6000.3.3f1/Editor/Data/MonoBleedingEdge/etc'
Using monoOptions --debugger-agent=transport=dt_socket,embedding=1,server=y,suspend=n,address=127.0.0.1:56664
Begin MonoManager ReloadAssembly
Registering precompiled unity dll's ...
Register platform support module: C:/Program Files/Unity/Hub/Editor/6000.3.3f1/Editor/Data/PlaybackEngines/WindowsStandaloneSupport/UnityEditor.WindowsStandalone.Extensions.dll
Registered in 0.001187 seconds.
- Loaded All Assemblies, in  0.283 seconds
Native extension for WindowsStandalone target not found
[Licensing::Client] Handshaking with LicensingClient:
  Version:                 1.17.4+4293ba1
  Session Id:              958cfaff9bd545dd9f3b32181133c5ef
  Correlation Id:          e05c85cb4fd3125a192bf55aa260ec2b
  External correlation Id: 6001307128980820770
  Machine Id:              pmNZprb+zyOzXlCt14cezMCcpOk=
[Licensing::Module] Successfully connected to LicensingClient on channel: "LicenseClient-omerm" (connect: 0.00s, validation: 0.00s, handshake: 1.31s)
[Licensing::IpcConnector] Successfully connected to: "LicenseClient-omerm-notifications" at "2026-01-16T00:31:37.669108Z"
[Licensing::Module] Licensing Background thread has ended after 1.32s
Mono: successfully reloaded assembly
- Finished resetting the current domain, in  0.278 seconds
Domain Reload Profiling: 559ms
	BeginReloadAssembly (96ms)
		ExecutionOrderSort (0ms)
		DisableScriptedObjects (0ms)
		BackupInstance (0ms)
		ReleaseScriptingObjects (0ms)
		CreateAndSetChildDomain (1ms)
	RebuildCommonClasses (24ms)
	RebuildNativeTypeToScriptingClass (8ms)
	initialDomainReloadingComplete (33ms)
	LoadAllAssembliesAndSetupDomain (119ms)
		LoadAssemblies (93ms)
		RebuildTransferFunctionScriptingTraits (0ms)
		AnalyzeDomain (117ms)
			TypeCache.Refresh (116ms)
				TypeCache.ScanAssembly (103ms)
			BuildScriptInfoCaches (0ms)
			ResolveRequiredComponents (0ms)
	FinalizeReload (278ms)
		ReleaseScriptCaches (0ms)
		RebuildScriptCaches (0ms)
		SetupLoadedEditorAssemblies (251ms)
			LogAssemblyErrors (0ms)
			InitializePlatformSupportModulesInManaged (30ms)
			SetLoadedEditorAssemblies (3ms)
			BeforeProcessingInitializeOnLoad (63ms)
			ProcessInitializeOnLoadAttributes (104ms)
			ProcessInitializeOnLoadMethodAttributes (51ms)
			AfterProcessingInitializeOnLoad (0ms)
			EditorAssembliesLoaded (0ms)
		ExecutionOrderSort2 (0ms)
		AwakeInstancesAfterBackupRestoration (0ms)
========================================================================
Worker process is ready to serve import requests
Import Worker Mode flag is 0x00
Begin MonoManager ReloadAssembly
[Licensing::Client] Successfully resolved entitlement details
[Licensing::Module] License group:
  Id: 18966909802493-UnityPersXXXX
  Product: Unity Personal
  Type: Assigned
  Expiration: Unlimited
- Loaded All Assemblies, in  0.480 seconds
Refreshing native plugins compatible for Editor in 1.49 ms, found 3 plugins.
Native extension for WindowsStandalone target not found
Package Manager log level set to [2]
[Package Manager] Failed to launch server process. Reason: Unity was launched with the -noUpm command-line argument
[Package Manager] Unable to send message (not connected to server process).
[Package Manager] Cannot connect to Unity Package Manager local server
Mono: successfully reloaded assembly
- Finished resetting the current domain, in  0.609 seconds
Domain Reload Profiling: 1087ms
	BeginReloadAssembly (133ms)
		ExecutionOrderSort (0ms)
		DisableScriptedObjects (4ms)
		BackupInstance (0ms)
		ReleaseScriptingObjects (0ms)
		CreateAndSetChildDomain (29ms)
	RebuildCommonClasses (24ms)
	RebuildNativeTypeToScriptingClass (8ms)
	initialDomainReloadingComplete (26ms)
	LoadAllAssembliesAndSetupDomain (287ms)
		LoadAssemblies (231ms)
		RebuildTransferFunctionScriptingTraits (0ms)
		AnalyzeDomain (127ms)
			TypeCache.Refresh (97ms)
				TypeCache.ScanAssembly (87ms)
			BuildScriptInfoCaches (21ms)
			ResolveRequiredComponents (4ms)
	FinalizeReload (609ms)
		ReleaseScriptCaches (0ms)
		RebuildScriptCaches (0ms)
		SetupLoadedEditorAssemblies (510ms)
			LogAssemblyErrors (0ms)
			InitializePlatformSupportModulesInManaged (1ms)
			SetLoadedEditorAssemblies (3ms)
			BeforeProcessingInitializeOnLoad (102ms)
			ProcessInitializeOnLoadAttributes (364ms)
			ProcessInitializeOnLoadMethodAttributes (35ms)
			AfterProcessingInitializeOnLoad (4ms)
			EditorAssembliesLoaded (0ms)
		ExecutionOrderSort2 (0ms)
		AwakeInstancesAfterBackupRestoration (4ms)
Launched and connected shader compiler UnityShaderCompiler.exe after 0.01 seconds
Refreshing native plugins compatible for Editor in 0.62 ms, found 3 plugins.
Preloading 0 native plugins for Editor in 0.00 ms.
Unloading 0 Unused Serialized files (Serialized files now loaded: 0)
Unloading 3868 unused Assets / (1.0 MB). Loaded Objects now: 4466.
Memory consumption went from 98.5 MB to 97.6 MB.
Total: 5.783600 ms (FindLiveObjects: 0.434100 ms CreateObjectMapping: 0.245900 ms MarkObjects: 4.372000 ms  DeleteObjects: 0.730700 ms)

========================================================================
Received Import Request.
  Time since last request: 11473.753670 seconds.
  path: Assets/Low_Poly_Sci-fi_City/Buildings_Pack/Prefabs/Buildings/PalmGrayYellowBuilding_2.prefab
  artifactKey: Guid(37c4bbb05ba032d45bfc26d5d7168b74) Importer(815301076,1909f56bfc062723c751e8b465ee728b)
Start importing Assets/Low_Poly_Sci-fi_City/Buildings_Pack/Prefabs/Buildings/PalmGrayYellowBuilding_2.prefab using Guid(37c4bbb05ba032d45bfc26d5d7168b74) Importer(815301076,1909f56bfc062723c751e8b465ee728b) (PreviewImporter) -> (artifact id: '0cb582a13bf94bb5c2cf08d1b851190c') in 0.2274659 seconds
Number of updated asset objects reloaded before import = 0Number of asset objects unloaded after import = 87

========================================================================
Received Import Request.
  Time since last request: 0.000046 seconds.
  path: Assets/Low_Poly_Sci-fi_City/Buildings_Pack/Prefabs/Buildings/PalmGreenBlackBuilding_3.prefab
  artifactKey: Guid(65017a059ca7671489295b6c9f3716ca) Importer(815301076,1909f56bfc062723c751e8b465ee728b)
Start importing Assets/Low_Poly_Sci-fi_City/Buildings_Pack/Prefabs/Buildings/PalmGreenBlackBuilding_3.prefab using Guid(65017a059ca7671489295b6c9f3716ca) Importer(815301076,1909f56bfc062723c751e8b465ee728b) (PreviewImporter) -> (artifact id: 'd74b9d89207fe2b51cc07db7338ddde0') in 0.1063707 seconds
Number of updated asset objects reloaded before import = 0Number of asset objects unloaded after import = 78

========================================================================
Received Import Request.
  Time since last request: 0.783800 seconds.
  path: Assets/Low_Poly_Sci-fi_City/Buildings_Pack/Prefabs/Buildings/PalmPurpleGreenBuilding_4.prefab
  artifactKey: Guid(895220c6fe39e4546b8957cc6ea942a7) Importer(815301076,1909f56bfc062723c751e8b465ee728b)
Start importing Assets/Low_Poly_Sci-fi_City/Buildings_Pack/Prefabs/Buildings/PalmPurpleGreenBuilding_4.prefab using Guid(895220c6fe39e4546b8957cc6ea942a7) Importer(815301076,1909f56bfc062723c751e8b465ee728b) (PreviewImporter) -> (artifact id: 'cee1d06d2ca9dfc40fe054174f57af7a') in 0.1016371 seconds
Number of updated asset objects reloaded before import = 0Number of asset objects unloaded after import = 96

========================================================================
Received Import Request.
  Time since last request: 0.000070 seconds.
  path: Assets/Low_Poly_Sci-fi_City/Buildings_Pack/Prefabs/Buildings/StudioBrownBuilding_2.prefab
  artifactKey: Guid(093db00de19553d4eab034d04fa2dc46) Importer(815301076,1909f56bfc062723c751e8b465ee728b)
Start importing Assets/Low_Poly_Sci-fi_City/Buildings_Pack/Prefabs/Buildings/StudioBrownBuilding_2.prefab using Guid(093db00de19553d4eab034d04fa2dc46) Importer(815301076,1909f56bfc062723c751e8b465ee728b) (PreviewImporter) -> (artifact id: '9d4c47bf3ee852981f93701d09b25fba') in 0.1275736 seconds
Number of updated asset objects reloaded before import = 0Number of asset objects unloaded after import = 580

========================================================================
Received Import Request.
  Time since last request: 0.000033 seconds.
  path: Assets/Low_Poly_Sci-fi_City/Buildings_Pack/Prefabs/Buildings/SpaceBuildDarkGrayBuilding.prefab
  artifactKey: Guid(ca05f65ad2d41204880af7834ccb3d3c) Importer(815301076,1909f56bfc062723c751e8b465ee728b)
Start importing Assets/Low_Poly_Sci-fi_City/Buildings_Pack/Prefabs/Buildings/SpaceBuildDarkGrayBuilding.prefab using Guid(ca05f65ad2d41204880af7834ccb3d3c) Importer(815301076,1909f56bfc062723c751e8b465ee728b) (PreviewImporter) -> (artifact id: 'd1f133b79a526b802361e679fac7f68c') in 0.1460153 seconds
Number of updated asset objects reloaded before import = 0Number of asset objects unloaded after import = 710

========================================================================
Received Import Request.
  Time since last request: 0.000049 seconds.
  path: Assets/Low_Poly_Sci-fi_City/Buildings_Pack/Prefabs/Buildings/RocketGrayBuilding.prefab
  artifactKey: Guid(03172bdfb80ad8b42be33f1e3ec6c3e1) Importer(815301076,1909f56bfc062723c751e8b465ee728b)
Start importing Assets/Low_Poly_Sci-fi_City/Buildings_Pack/Prefabs/Buildings/RocketGrayBuilding.prefab using Guid(03172bdfb80ad8b42be33f1e3ec6c3e1) Importer(815301076,1909f56bfc062723c751e8b465ee728b) (PreviewImporter) -> (artifact id: '72c536ae3f4cdc5a0ffeab3a81a15ffc') in 0.1393389 seconds
Number of updated asset objects reloaded before import = 0Number of asset objects unloaded after import = 325

========================================================================
Received Import Request.
  Time since last request: 0.000041 seconds.
  path: Assets/Low_Poly_Sci-fi_City/Buildings_Pack/Prefabs/Buildings/StudioRedBuilding_1.prefab
  artifactKey: Guid(c6507d97a351aaf4dbb8f7a570318606) Importer(815301076,1909f56bfc062723c751e8b465ee728b)
Start importing Assets/Low_Poly_Sci-fi_City/Buildings_Pack/Prefabs/Buildings/StudioRedBuilding_1.prefab using Guid(c6507d97a351aaf4dbb8f7a570318606) Importer(815301076,1909f56bfc062723c751e8b465ee728b) (PreviewImporter) -> (artifact id: 'fcc1b4b18062e8470eb4c36c57dacd75') in 0.104868 seconds
Number of updated asset objects reloaded before import = 0Number of asset objects unloaded after import = 577

========================================================================
Received Import Request.
  Time since last request: 5.024315 seconds.
  path: Assets/Low_Poly_Sci-fi_City/Buildings_Pack/Prefabs/Buildings/SysAquaGreenBuilding_4.prefab
  artifactKey: Guid(f6766c8451cb4364d8a42bc2da37a9f2) Importer(815301076,1909f56bfc062723c751e8b465ee728b)
Start importing Assets/Low_Poly_Sci-fi_City/Buildings_Pack/Prefabs/Buildings/SysAquaGreenBuilding_4.prefab using Guid(f6766c8451cb4364d8a42bc2da37a9f2) Importer(815301076,1909f56bfc062723c751e8b465ee728b) (PreviewImporter) -> (artifact id: 'ab50440930ecf91e178963300d1163d4') in 0.3119961 seconds
Number of updated asset objects reloaded before import = 0Number of asset objects unloaded after import = 99

========================================================================
Received Import Request.
  Time since last request: 0.000027 seconds.
  path: Assets/Low_Poly_Sci-fi_City/Buildings_Pack/Prefabs/Buildings/SysGrayBlueBuilding_2.prefab
  artifactKey: Guid(c50655cd5f6cd514b85c1174f0f267d2) Importer(815301076,1909f56bfc062723c751e8b465ee728b)
Start importing Assets/Low_Poly_Sci-fi_City/Buildings_Pack/Prefabs/Buildings/SysGrayBlueBuilding_2.prefab using Guid(c50655cd5f6cd514b85c1174f0f267d2) Importer(815301076,1909f56bfc062723c751e8b465ee728b) (PreviewImporter) -> (artifact id: '2dbc504f4db04ce2dd9e89e7f43d205d') in 0.1116125 seconds
Number of updated asset objects reloaded before import = 0Number of asset objects unloaded after import = 84

========================================================================
Received Prepare
Begin MonoManager ReloadAssembly
[Licensing::Client] Successfully resolved entitlement details
- Loaded All Assemblies, in  0.487 seconds
Refreshing native plugins compatible for Editor in 0.47 ms, found 3 plugins.
Native extension for WindowsStandalone target not found
[Package Manager] Failed to launch server process. Reason: Unity was launched with the -noUpm command-line argument
[Package Manager] Unable to send message (not connected to server process).
[Package Manager] Cannot connect to Unity Package Manager local server
Mono: successfully reloaded assembly
- Finished resetting the current domain, in  0.600 seconds
Domain Reload Profiling: 1086ms
	BeginReloadAssembly (165ms)
		ExecutionOrderSort (0ms)
		DisableScriptedObjects (3ms)
		BackupInstance (0ms)
		ReleaseScriptingObjects (0ms)
		CreateAndSetChildDomain (43ms)
	RebuildCommonClasses (25ms)
	RebuildNativeTypeToScriptingClass (9ms)
	initialDomainReloadingComplete (24ms)
	LoadAllAssembliesAndSetupDomain (263ms)
		LoadAssemblies (243ms)
		RebuildTransferFunctionScriptingTraits (0ms)
		AnalyzeDomain (97ms)
			TypeCache.Refresh (9ms)
				TypeCache.ScanAssembly (0ms)
			BuildScriptInfoCaches (81ms)
			ResolveRequiredComponents (4ms)
	FinalizeReload (600ms)
		ReleaseScriptCaches (0ms)
		RebuildScriptCaches (0ms)
		SetupLoadedEditorAssemblies (505ms)
			LogAssemblyErrors (0ms)
			InitializePlatformSupportModulesInManaged (1ms)
			SetLoadedEditorAssemblies (3ms)
			BeforeProcessingInitializeOnLoad (104ms)
			ProcessInitializeOnLoadAttributes (359ms)
			ProcessInitializeOnLoadMethodAttributes (30ms)
			AfterProcessingInitializeOnLoad (6ms)
			EditorAssembliesLoaded (0ms)
		ExecutionOrderSort2 (0ms)
		AwakeInstancesAfterBackupRestoration (5ms)
Refreshing native plugins compatible for Editor in 0.81 ms, found 3 plugins.
Preloading 0 native plugins for Editor in 0.00 ms.
Unloading 0 Unused Serialized files (Serialized files now loaded: 0)
Unloading 3866 unused Assets / (1.0 MB). Loaded Objects now: 4477.
Memory consumption went from 100.3 MB to 99.3 MB.
Total: 6.472900 ms (FindLiveObjects: 0.432800 ms CreateObjectMapping: 0.364100 ms MarkObjects: 4.578400 ms  DeleteObjects: 1.096300 ms)

Prepare: number of updated asset objects reloaded= 0
Editor requested this worker to shutdown with reason: Scaling down because of idle timeout
AssetImportWorker is now disconnected from the server
Process exiting
Exiting without the bug reporter. Application will terminate with return code 0